Using pre-set license
Built from '2021.3/staging' branch; Version is '2021.3.14f1 (eee1884e7226) revision 15655304'; Using compiler version '192829333'; Build Type 'Release'
OS: 'Windows 11  (10.0.22000) 64bit Professional' Language: 'en' Physical Memory: 16311 MB
BatchMode: 1, IsHumanControllingUs: 0, StartBugReporterOnCrash: 0, Is64bit: 1, IsPro: 1

COMMAND LINE ARGUMENTS:
C:\Program Files\Unity\Hub\Editor\2021.3.14f1\Editor\Unity.exe
-adb2
-batchMode
-noUpm
-name
AssetImportWorker0
-projectPath
D:/Programming/CMP303-Project/CMP303 Unity Project
-logFile
Logs/AssetImportWorker0.log
-srvPort
62253
Successfully changed project path to: D:/Programming/CMP303-Project/CMP303 Unity Project
D:/Programming/CMP303-Project/CMP303 Unity Project
[UnityMemory] Configuration Parameters - Can be set up in boot.config
    "memorysetup-bucket-allocator-granularity=16"
    "memorysetup-bucket-allocator-bucket-count=8"
    "memorysetup-bucket-allocator-block-size=33554432"
    "memorysetup-bucket-allocator-block-count=8"
    "memorysetup-main-allocator-block-size=16777216"
    "memorysetup-thread-allocator-block-size=16777216"
    "memorysetup-gfx-main-allocator-block-size=16777216"
    "memorysetup-gfx-thread-allocator-block-size=16777216"
    "memorysetup-cache-allocator-block-size=4194304"
    "memorysetup-typetree-allocator-block-size=2097152"
    "memorysetup-profiler-bucket-allocator-granularity=16"
    "memorysetup-profiler-bucket-allocator-bucket-count=8"
    "memorysetup-profiler-bucket-allocator-block-size=33554432"
    "memorysetup-profiler-bucket-allocator-block-count=8"
    "memorysetup-profiler-allocator-block-size=16777216"
    "memorysetup-profiler-editor-allocator-block-size=1048576"
    "memorysetup-temp-allocator-size-main=16777216"
    "memorysetup-job-temp-allocator-block-size=2097152"
    "memorysetup-job-temp-allocator-block-size-background=1048576"
    "memorysetup-job-temp-allocator-reduction-small-platforms=262144"
    "memorysetup-temp-allocator-size-background-worker=32768"
    "memorysetup-temp-allocator-size-job-worker=262144"
    "memorysetup-temp-allocator-size-preload-manager=33554432"
    "memorysetup-temp-allocator-size-nav-mesh-worker=65536"
    "memorysetup-temp-allocator-size-audio-worker=65536"
    "memorysetup-temp-allocator-size-cloud-worker=32768"
    "memorysetup-temp-allocator-size-gi-baking-worker=262144"
    "memorysetup-temp-allocator-size-gfx=262144"
Refreshing native plugins compatible for Editor in 91.70 ms, found 4 plugins.
Preloading 0 native plugins for Editor in 0.00 ms.
Initialize engine version: 2021.3.14f1 (eee1884e7226)
[Subsystems] Discovering subsystems at path C:/Program Files/Unity/Hub/Editor/2021.3.14f1/Editor/Data/Resources/UnitySubsystems
[Subsystems] Discovering subsystems at path D:/Programming/CMP303-Project/CMP303 Unity Project/Assets
GfxDevice: creating device client; threaded=0; jobified=0
Direct3D:
    Version:  Direct3D 11.0 [level 11.1]
    Renderer: NVIDIA GeForce RTX 3070 (ID=0x2484)
    Vendor:   NVIDIA
    VRAM:     8043 MB
    Driver:   31.0.15.1740
Initialize mono
Mono path[0] = 'C:/Program Files/Unity/Hub/Editor/2021.3.14f1/Editor/Data/Managed'
Mono path[1] = 'C:/Program Files/Unity/Hub/Editor/2021.3.14f1/Editor/Data/MonoBleedingEdge/lib/mono/unityjit-win32'
Mono config path = 'C:/Program Files/Unity/Hub/Editor/2021.3.14f1/Editor/Data/MonoBleedingEdge/etc'
Using monoOptions --debugger-agent=transport=dt_socket,embedding=1,server=y,suspend=n,address=127.0.0.1:56088
Begin MonoManager ReloadAssembly
Registering precompiled unity dll's ...
Register platform support module: C:/Program Files/Unity/Hub/Editor/2021.3.14f1/Editor/Data/PlaybackEngines/WindowsStandaloneSupport/UnityEditor.WindowsStandalone.Extensions.dll
Registered in 0.004716 seconds.
Native extension for WindowsStandalone target not found
Refreshing native plugins compatible for Editor in 88.09 ms, found 4 plugins.
Preloading 0 native plugins for Editor in 0.00 ms.
Mono: successfully reloaded assembly
- Completed reload, in  0.587 seconds
Domain Reload Profiling:
	ReloadAssembly (587ms)
		BeginReloadAssembly (73ms)
			ExecutionOrderSort (0ms)
			DisableScriptedObjects (0ms)
			BackupInstance (0ms)
			ReleaseScriptingObjects (0ms)
			CreateAndSetChildDomain (1ms)
		EndReloadAssembly (416ms)
			LoadAssemblies (71ms)
			RebuildTransferFunctionScriptingTraits (0ms)
			SetupTypeCache (93ms)
			ReleaseScriptCaches (0ms)
			RebuildScriptCaches (24ms)
			SetupLoadedEditorAssemblies (255ms)
				LogAssemblyErrors (0ms)
				InitializePlatformSupportModulesInManaged (6ms)
				SetLoadedEditorAssemblies (0ms)
				RefreshPlugins (88ms)
				BeforeProcessingInitializeOnLoad (1ms)
				ProcessInitializeOnLoadAttributes (120ms)
				ProcessInitializeOnLoadMethodAttributes (39ms)
				AfterProcessingInitializeOnLoad (0ms)
				EditorAssembliesLoaded (0ms)
			ExecutionOrderSort2 (0ms)
			AwakeInstancesAfterBackupRestoration (0ms)
Platform modules already initialized, skipping
Registering precompiled user dll's ...
Registered in 0.004553 seconds.
Begin MonoManager ReloadAssembly
Symbol file LoadedFromMemory doesn't match image D:\Programming\CMP303-Project\CMP303 Unity Project\Library\PackageCache\com.unity.visualscripting@1.7.8\Editor\VisualScripting.Core\Dependencies\YamlDotNet\Unity.VisualScripting.YamlDotNet.dll
Symbol file LoadedFromMemory doesn't match image D:\Programming\CMP303-Project\CMP303 Unity Project\Library\PackageCache\com.unity.visualscripting@1.7.8\Editor\VisualScripting.Core\Dependencies\DotNetZip\Unity.VisualScripting.IonicZip.dll
Native extension for WindowsStandalone target not found
Refreshing native plugins compatible for Editor in 86.22 ms, found 4 plugins.
Preloading 0 native plugins for Editor in 0.00 ms.
Mono: successfully reloaded assembly
- Completed reload, in  1.026 seconds
Domain Reload Profiling:
	ReloadAssembly (1027ms)
		BeginReloadAssembly (101ms)
			ExecutionOrderSort (0ms)
			DisableScriptedObjects (5ms)
			BackupInstance (0ms)
			ReleaseScriptingObjects (0ms)
			CreateAndSetChildDomain (18ms)
		EndReloadAssembly (820ms)
			LoadAssemblies (80ms)
			RebuildTransferFunctionScriptingTraits (0ms)
			SetupTypeCache (215ms)
			ReleaseScriptCaches (1ms)
			RebuildScriptCaches (50ms)
			SetupLoadedEditorAssemblies (438ms)
				LogAssemblyErrors (0ms)
				InitializePlatformSupportModulesInManaged (4ms)
				SetLoadedEditorAssemblies (0ms)
				RefreshPlugins (86ms)
				BeforeProcessingInitializeOnLoad (93ms)
				ProcessInitializeOnLoadAttributes (210ms)
				ProcessInitializeOnLoadMethodAttributes (37ms)
				AfterProcessingInitializeOnLoad (7ms)
				EditorAssembliesLoaded (0ms)
			ExecutionOrderSort2 (0ms)
			AwakeInstancesAfterBackupRestoration (5ms)
Platform modules already initialized, skipping
========================================================================
Worker process is ready to serve import requests
Launched and connected shader compiler UnityShaderCompiler.exe after 0.05 seconds
Refreshing native plugins compatible for Editor in 1.02 ms, found 4 plugins.
Preloading 0 native plugins for Editor in 0.00 ms.
Unloading 4044 Unused Serialized files (Serialized files now loaded: 0)
Unloading 44 unused Assets / (229.3 KB). Loaded Objects now: 4494.
Memory consumption went from 150.6 MB to 150.4 MB.
Total: 3.627900 ms (FindLiveObjects: 0.373100 ms CreateObjectMapping: 0.106200 ms MarkObjects: 2.997300 ms  DeleteObjects: 0.150300 ms)

AssetImportParameters requested are different than current active one (requested -> active):
  custom:video-decoder-ogg-theora: a1e56fd34408186e4bbccfd4996cb3dc -> 
  custom:container-muxer-webm: aa71ff27fc2769a1b78a27578f13a17b -> 
  custom:container-demuxer-webm: 4f35f7cbe854078d1ac9338744f61a02 -> 
  custom:video-encoder-webm-vp8: eb34c28f22e8b96e1ab97ce403110664 -> 
  custom:audio-encoder-webm-vorbis: bf7c407c2cedff20999df2af8eb42d56 -> 
  custom:framework-win-MediaFoundation: 216162199b28c13a410421893ffa2e32 -> 
  custom:container-demuxer-ogg: 62fdf1f143b41e24485cea50d1cbac27 -> 
  custom:video-decoder-webm-vp8: 9c59270c3fd7afecdb556c50c9e8de78 -> 
  custom:audio-decoder-ogg-vorbis: bf7c407c2cedff20999df2af8eb42d56 -> 
========================================================================
Received Import Request.
  Time since last request: 172816.139288 seconds.
  path: Assets/GFX/Tiny RPG Forest/Scenes
  artifactKey: Guid(2e39666c8d97146989e82f1b73e1f71c) Importer(815301076,1909f56bfc062723c751e8b465ee728b)
Start importing Assets/GFX/Tiny RPG Forest/Scenes using Guid(2e39666c8d97146989e82f1b73e1f71c) Importer(815301076,1909f56bfc062723c751e8b465ee728b)  -> (artifact id: '11e7c2d49e59fd9f21f8674d2c1b0d3f') in 0.012714 seconds 
========================================================================
Received Import Request.
  Time since last request: 5.448082 seconds.
  path: Assets/GFX/Tiny RPG Forest/Artwork/sprites
  artifactKey: Guid(7abb9878f76254869a9b13568f59ba3a) Importer(815301076,1909f56bfc062723c751e8b465ee728b)
Start importing Assets/GFX/Tiny RPG Forest/Artwork/sprites using Guid(7abb9878f76254869a9b13568f59ba3a) Importer(815301076,1909f56bfc062723c751e8b465ee728b)  -> (artifact id: 'a61acd21f11d435e688074ef641754bf') in 0.006089 seconds 
========================================================================
Received Import Request.
  Time since last request: 1.530040 seconds.
  path: Assets/GFX/Tiny RPG Forest/Artwork/sprites/hero
  artifactKey: Guid(b06f4cfcd50704b4993d14e1a2761a97) Importer(815301076,1909f56bfc062723c751e8b465ee728b)
Start importing Assets/GFX/Tiny RPG Forest/Artwork/sprites/hero using Guid(b06f4cfcd50704b4993d14e1a2761a97) Importer(815301076,1909f56bfc062723c751e8b465ee728b)  -> (artifact id: 'b91a58897c801b960ce04928a1e99ff5') in 0.005017 seconds 
========================================================================
Received Prepare
Registering precompiled user dll's ...
Registered in 0.005864 seconds.
Begin MonoManager ReloadAssembly
Symbol file LoadedFromMemory doesn't match image D:\Programming\CMP303-Project\CMP303 Unity Project\Library\PackageCache\com.unity.visualscripting@1.7.8\Editor\VisualScripting.Core\Dependencies\YamlDotNet\Unity.VisualScripting.YamlDotNet.dll
Symbol file LoadedFromMemory doesn't match image D:\Programming\CMP303-Project\CMP303 Unity Project\Library\PackageCache\com.unity.visualscripting@1.7.8\Editor\VisualScripting.Core\Dependencies\DotNetZip\Unity.VisualScripting.IonicZip.dll
Native extension for WindowsStandalone target not found
Refreshing native plugins compatible for Editor in 0.93 ms, found 4 plugins.
Preloading 0 native plugins for Editor in 0.00 ms.
Mono: successfully reloaded assembly
- Completed reload, in  1.298 seconds
Domain Reload Profiling:
	ReloadAssembly (1298ms)
		BeginReloadAssembly (208ms)
			ExecutionOrderSort (0ms)
			DisableScriptedObjects (6ms)
			BackupInstance (0ms)
			ReleaseScriptingObjects (0ms)
			CreateAndSetChildDomain (40ms)
		EndReloadAssembly (972ms)
			LoadAssemblies (159ms)
			RebuildTransferFunctionScriptingTraits (0ms)
			SetupTypeCache (517ms)
			ReleaseScriptCaches (2ms)
			RebuildScriptCaches (40ms)
			SetupLoadedEditorAssemblies (301ms)
				LogAssemblyErrors (0ms)
				InitializePlatformSupportModulesInManaged (11ms)
				SetLoadedEditorAssemblies (0ms)
				RefreshPlugins (1ms)
				BeforeProcessingInitializeOnLoad (65ms)
				ProcessInitializeOnLoadAttributes (184ms)
				ProcessInitializeOnLoadMethodAttributes (31ms)
				AfterProcessingInitializeOnLoad (8ms)
				EditorAssembliesLoaded (0ms)
			ExecutionOrderSort2 (0ms)
			AwakeInstancesAfterBackupRestoration (7ms)
Platform modules already initialized, skipping
Refreshing native plugins compatible for Editor in 2.30 ms, found 4 plugins.
Preloading 0 native plugins for Editor in 0.00 ms.
Unloading 4039 Unused Serialized files (Serialized files now loaded: 0)
Unloading 31 unused Assets / (195.8 KB). Loaded Objects now: 4497.
Memory consumption went from 150.6 MB to 150.4 MB.
Total: 3.175900 ms (FindLiveObjects: 0.355400 ms CreateObjectMapping: 0.091700 ms MarkObjects: 2.560800 ms  DeleteObjects: 0.166800 ms)

AssetImportParameters requested are different than current active one (requested -> active):
  custom:video-decoder-ogg-theora: a1e56fd34408186e4bbccfd4996cb3dc -> 
  custom:container-muxer-webm: aa71ff27fc2769a1b78a27578f13a17b -> 
  custom:container-demuxer-webm: 4f35f7cbe854078d1ac9338744f61a02 -> 
  custom:video-encoder-webm-vp8: eb34c28f22e8b96e1ab97ce403110664 -> 
  custom:audio-encoder-webm-vorbis: bf7c407c2cedff20999df2af8eb42d56 -> 
  custom:framework-win-MediaFoundation: 216162199b28c13a410421893ffa2e32 -> 
  custom:container-demuxer-ogg: 62fdf1f143b41e24485cea50d1cbac27 -> 
  custom:video-decoder-webm-vp8: 9c59270c3fd7afecdb556c50c9e8de78 -> 
  custom:audio-decoder-ogg-vorbis: bf7c407c2cedff20999df2af8eb42d56 -> 
========================================================================
Received Prepare
Registering precompiled user dll's ...
Registered in 0.004582 seconds.
Begin MonoManager ReloadAssembly
Symbol file LoadedFromMemory doesn't match image D:\Programming\CMP303-Project\CMP303 Unity Project\Library\PackageCache\com.unity.visualscripting@1.7.8\Editor\VisualScripting.Core\Dependencies\YamlDotNet\Unity.VisualScripting.YamlDotNet.dll
Symbol file LoadedFromMemory doesn't match image D:\Programming\CMP303-Project\CMP303 Unity Project\Library\PackageCache\com.unity.visualscripting@1.7.8\Editor\VisualScripting.Core\Dependencies\DotNetZip\Unity.VisualScripting.IonicZip.dll
Native extension for WindowsStandalone target not found
Refreshing native plugins compatible for Editor in 0.98 ms, found 4 plugins.
Preloading 0 native plugins for Editor in 0.00 ms.
Mono: successfully reloaded assembly
- Completed reload, in  1.068 seconds
Domain Reload Profiling:
	ReloadAssembly (1069ms)
		BeginReloadAssembly (153ms)
			ExecutionOrderSort (0ms)
			DisableScriptedObjects (8ms)
			BackupInstance (0ms)
			ReleaseScriptingObjects (0ms)
			CreateAndSetChildDomain (54ms)
		EndReloadAssembly (807ms)
			LoadAssemblies (88ms)
			RebuildTransferFunctionScriptingTraits (0ms)
			SetupTypeCache (263ms)
			ReleaseScriptCaches (2ms)
			RebuildScriptCaches (50ms)
			SetupLoadedEditorAssemblies (360ms)
				LogAssemblyErrors (0ms)
				InitializePlatformSupportModulesInManaged (13ms)
				SetLoadedEditorAssemblies (1ms)
				RefreshPlugins (1ms)
				BeforeProcessingInitializeOnLoad (78ms)
				ProcessInitializeOnLoadAttributes (223ms)
				ProcessInitializeOnLoadMethodAttributes (36ms)
				AfterProcessingInitializeOnLoad (8ms)
				EditorAssembliesLoaded (0ms)
			ExecutionOrderSort2 (0ms)
			AwakeInstancesAfterBackupRestoration (10ms)
Platform modules already initialized, skipping
Refreshing native plugins compatible for Editor in 3.04 ms, found 4 plugins.
Preloading 0 native plugins for Editor in 0.00 ms.
Unloading 4039 Unused Serialized files (Serialized files now loaded: 0)
Unloading 31 unused Assets / (195.9 KB). Loaded Objects now: 4500.
Memory consumption went from 150.6 MB to 150.4 MB.
Total: 4.066600 ms (FindLiveObjects: 0.539400 ms CreateObjectMapping: 0.377700 ms MarkObjects: 2.941500 ms  DeleteObjects: 0.206500 ms)

AssetImportParameters requested are different than current active one (requested -> active):
  custom:video-decoder-ogg-theora: a1e56fd34408186e4bbccfd4996cb3dc -> 
  custom:container-muxer-webm: aa71ff27fc2769a1b78a27578f13a17b -> 
  custom:container-demuxer-webm: 4f35f7cbe854078d1ac9338744f61a02 -> 
  custom:video-encoder-webm-vp8: eb34c28f22e8b96e1ab97ce403110664 -> 
  custom:audio-encoder-webm-vorbis: bf7c407c2cedff20999df2af8eb42d56 -> 
  custom:framework-win-MediaFoundation: 216162199b28c13a410421893ffa2e32 -> 
  custom:container-demuxer-ogg: 62fdf1f143b41e24485cea50d1cbac27 -> 
  custom:video-decoder-webm-vp8: 9c59270c3fd7afecdb556c50c9e8de78 -> 
  custom:audio-decoder-ogg-vorbis: bf7c407c2cedff20999df2af8eb42d56 -> 
========================================================================
Received Import Request.
  Time since last request: 544.465124 seconds.
  path: Assets/GFX
  artifactKey: Guid(0894a10f1921b90498d7ee375e962151) Importer(815301076,1909f56bfc062723c751e8b465ee728b)
Start importing Assets/GFX using Guid(0894a10f1921b90498d7ee375e962151) Importer(815301076,1909f56bfc062723c751e8b465ee728b)  -> (artifact id: 'e38b295fbe806fad745dd95053a60949') in 0.012693 seconds 
========================================================================
Received Import Request.
  Time since last request: 2.316864 seconds.
  path: Assets/GFX/2D Battle Tanks
  artifactKey: Guid(f647b514f8ba15748a005ca4dc61106c) Importer(815301076,1909f56bfc062723c751e8b465ee728b)
Start importing Assets/GFX/2D Battle Tanks using Guid(f647b514f8ba15748a005ca4dc61106c) Importer(815301076,1909f56bfc062723c751e8b465ee728b)  -> (artifact id: 'd4868f972e8ae4c1104bef23850d8328') in 0.005564 seconds 
========================================================================
Received Import Request.
  Time since last request: 0.912126 seconds.
  path: Assets/GFX/2D Battle Tanks/PNG
  artifactKey: Guid(babb15cf8182b194fbfd3dc8d6e5fa1d) Importer(815301076,1909f56bfc062723c751e8b465ee728b)
Start importing Assets/GFX/2D Battle Tanks/PNG using Guid(babb15cf8182b194fbfd3dc8d6e5fa1d) Importer(815301076,1909f56bfc062723c751e8b465ee728b)  -> (artifact id: 'd6db0731c932caf5bc65b347856c0f0d') in 0.005649 seconds 
========================================================================
Received Import Request.
  Time since last request: 2.011105 seconds.
  path: Assets/GFX/2D Battle Tanks/PNG/Hulls_Color_A
  artifactKey: Guid(fde20e490276e2945bb4af23feb1590b) Importer(815301076,1909f56bfc062723c751e8b465ee728b)
Start importing Assets/GFX/2D Battle Tanks/PNG/Hulls_Color_A using Guid(fde20e490276e2945bb4af23feb1590b) Importer(815301076,1909f56bfc062723c751e8b465ee728b)  -> (artifact id: '0d7bc8d2353528d8991fdc6ecfc7b242') in 0.004990 seconds 
========================================================================
Received Import Request.
  Time since last request: 0.055911 seconds.
  path: Assets/GFX/2D Battle Tanks/PNG/Hulls_Color_A/Hull_01.png
  artifactKey: Guid(3ed56db467403bb469f50bc5fb81c3cf) Importer(815301076,1909f56bfc062723c751e8b465ee728b)
Start importing Assets/GFX/2D Battle Tanks/PNG/Hulls_Color_A/Hull_01.png using Guid(3ed56db467403bb469f50bc5fb81c3cf) Importer(815301076,1909f56bfc062723c751e8b465ee728b)  -> (artifact id: '3d4c7f01f19588e485353efaba2f302a') in 0.138334 seconds 
========================================================================
Received Import Request.
  Time since last request: 0.000035 seconds.
  path: Assets/GFX/2D Battle Tanks/PNG/Hulls_Color_A/Hull_04.png
  artifactKey: Guid(61e36c9a267dc1c429e19c3835f57c3e) Importer(815301076,1909f56bfc062723c751e8b465ee728b)
Start importing Assets/GFX/2D Battle Tanks/PNG/Hulls_Color_A/Hull_04.png using Guid(61e36c9a267dc1c429e19c3835f57c3e) Importer(815301076,1909f56bfc062723c751e8b465ee728b)  -> (artifact id: '0b87cfa69a68907a372b6f8858458aa6') in 0.018455 seconds 
========================================================================
Received Import Request.
  Time since last request: 0.000042 seconds.
  path: Assets/GFX/2D Battle Tanks/PNG/Hulls_Color_A/Hull_07.png
  artifactKey: Guid(f863998f645314d4cabc2f370fef7bc4) Importer(815301076,1909f56bfc062723c751e8b465ee728b)
Start importing Assets/GFX/2D Battle Tanks/PNG/Hulls_Color_A/Hull_07.png using Guid(f863998f645314d4cabc2f370fef7bc4) Importer(815301076,1909f56bfc062723c751e8b465ee728b)  -> (artifact id: 'a64468568c955bda8890e4390f42e0ab') in 0.015202 seconds 
========================================================================
Received Import Request.
  Time since last request: 0.000026 seconds.
  path: Assets/GFX/2D Battle Tanks/PNG/Hulls_Color_A/Hull_06.png
  artifactKey: Guid(9d246f04a614187409b49060aa7553a9) Importer(815301076,1909f56bfc062723c751e8b465ee728b)
Start importing Assets/GFX/2D Battle Tanks/PNG/Hulls_Color_A/Hull_06.png using Guid(9d246f04a614187409b49060aa7553a9) Importer(815301076,1909f56bfc062723c751e8b465ee728b)  -> (artifact id: 'b493f3776aac98ee0080e9e04ce9f0f4') in 0.107506 seconds 
========================================================================
Received Import Request.
  Time since last request: 278.685784 seconds.
  path: Assets/GFX/2D Battle Tanks/PNG/Tracks/Track_1_B.png
  artifactKey: Guid(53266eaae0821d74184954edaed2cb49) Importer(815301076,1909f56bfc062723c751e8b465ee728b)
Start importing Assets/GFX/2D Battle Tanks/PNG/Tracks/Track_1_B.png using Guid(53266eaae0821d74184954edaed2cb49) Importer(815301076,1909f56bfc062723c751e8b465ee728b)  -> (artifact id: 'c52887bab5b1bc6d361a35f67e019520') in 0.019178 seconds 
========================================================================
Received Import Request.
  Time since last request: 0.000033 seconds.
  path: Assets/GFX/2D Battle Tanks/PNG/Tracks/Track_3_B.png
  artifactKey: Guid(bc0e8db852ed93c439af8884db0658e3) Importer(815301076,1909f56bfc062723c751e8b465ee728b)
Start importing Assets/GFX/2D Battle Tanks/PNG/Tracks/Track_3_B.png using Guid(bc0e8db852ed93c439af8884db0658e3) Importer(815301076,1909f56bfc062723c751e8b465ee728b)  -> (artifact id: '11cc18843db02dea789c1fadc7c87d91') in 0.015742 seconds 
========================================================================
Received Import Request.
  Time since last request: 0.000028 seconds.
  path: Assets/GFX/2D Battle Tanks/PNG/Tracks/Track_2_B.png
  artifactKey: Guid(b30a4c22565ab0249875133be81373b1) Importer(815301076,1909f56bfc062723c751e8b465ee728b)
Start importing Assets/GFX/2D Battle Tanks/PNG/Tracks/Track_2_B.png using Guid(b30a4c22565ab0249875133be81373b1) Importer(815301076,1909f56bfc062723c751e8b465ee728b)  -> (artifact id: '5c9b81e68309a3f4095d6ec9b75b2870') in 0.015414 seconds 
========================================================================
Received Import Request.
  Time since last request: 0.000024 seconds.
  path: Assets/GFX/2D Battle Tanks/PNG/Tracks/Track_2_A.png
  artifactKey: Guid(302d78295c906834baaeb119c2917f0e) Importer(815301076,1909f56bfc062723c751e8b465ee728b)
Start importing Assets/GFX/2D Battle Tanks/PNG/Tracks/Track_2_A.png using Guid(302d78295c906834baaeb119c2917f0e) Importer(815301076,1909f56bfc062723c751e8b465ee728b)  -> (artifact id: '3b173a0c5351087f2928ecf502ad3cb1') in 0.012845 seconds 
========================================================================
Received Import Request.
  Time since last request: 0.000028 seconds.
  path: Assets/GFX/2D Battle Tanks/PNG/Tracks/Track_3_A.png
  artifactKey: Guid(265169fcada2b434aad18cd5df8de0ce) Importer(815301076,1909f56bfc062723c751e8b465ee728b)
Start importing Assets/GFX/2D Battle Tanks/PNG/Tracks/Track_3_A.png using Guid(265169fcada2b434aad18cd5df8de0ce) Importer(815301076,1909f56bfc062723c751e8b465ee728b)  -> (artifact id: 'abed0840faa6094e78cfef05555e95e2') in 0.012252 seconds 
========================================================================
Received Import Request.
  Time since last request: 0.000035 seconds.
  path: Assets/GFX/2D Battle Tanks/PNG/Tracks/Track_4_B.png
  artifactKey: Guid(5021d7fd4866aa84bbdecb80381f62ac) Importer(815301076,1909f56bfc062723c751e8b465ee728b)
Start importing Assets/GFX/2D Battle Tanks/PNG/Tracks/Track_4_B.png using Guid(5021d7fd4866aa84bbdecb80381f62ac) Importer(815301076,1909f56bfc062723c751e8b465ee728b)  -> (artifact id: '46793e4dfafa7ba03377780899f90817') in 0.013387 seconds 
========================================================================
Received Import Request.
  Time since last request: 0.000055 seconds.
  path: Assets/GFX/2D Battle Tanks/PNG/Tracks/Track_4_A.png
  artifactKey: Guid(562dd82768acfda45ac94f906c43f552) Importer(815301076,1909f56bfc062723c751e8b465ee728b)
Start importing Assets/GFX/2D Battle Tanks/PNG/Tracks/Track_4_A.png using Guid(562dd82768acfda45ac94f906c43f552) Importer(815301076,1909f56bfc062723c751e8b465ee728b)  -> (artifact id: '48ae567ed0bdf2743b88c25df89f7e0d') in 0.013032 seconds 
Editor requested this worker to shutdown with reason: Scaling down because of idle timeout
AssetImportWorker is now disconnected from the server
Process exiting
Exiting without the bug reporter. Application will terminate with return code 0